<?xml version="1.0" encoding="UTF-8"?>
<!-- Generated by org.testng.reporters.JUnitReportReporter -->
<testsuite hostname="MAC" failures="0" tests="1" name="com.koinpro.testCases.kycUpdate" time="15.890" errors="0" timestamp="2023-03-20T17:06:14 IST" skipped="0">
  <testcase classname="com.koinpro.testCases.kycUpdate" name="kycVerification001" time="15.890"/>
  <system-out/>
</testsuite> <!-- com.koinpro.testCases.kycUpdate -->
